<?xml version="1.0" encoding="UTF-8"?>
<testsuite xmlns:xsi="http://www.w3.org/2001/XMLSchema-instance" xsi:noNamespaceSchemaLocation="https://maven.apache.org/surefire/maven-surefire-plugin/xsd/surefire-test-report-3.0.xsd" version="3.0" name="TestSuite" time="41.499" tests="3" errors="0" skipped="0" failures="0">
  <properties>
    <property name="java.specification.version" value="17"/>
    <property name="sun.cpu.isalist" value="amd64"/>
    <property name="sun.jnu.encoding" value="Cp1252"/>
    <property name="java.class.path" value="C:\Users\user\eclipse-workspace\OpenCartTestProject\target\test-classes;C:\Users\user\eclipse-workspace\OpenCartTestProject\target\classes;C:\Users\user\.m2\repository\org\seleniumhq\selenium\selenium-java\4.30.0\selenium-java-4.30.0.jar;C:\Users\user\.m2\repository\org\seleniumhq\selenium\selenium-api\4.30.0\selenium-api-4.30.0.jar;C:\Users\user\.m2\repository\org\jspecify\jspecify\1.0.0\jspecify-1.0.0.jar;C:\Users\user\.m2\repository\org\seleniumhq\selenium\selenium-chrome-driver\4.30.0\selenium-chrome-driver-4.30.0.jar;C:\Users\user\.m2\repository\com\google\auto\service\auto-service-annotations\1.1.1\auto-service-annotations-1.1.1.jar;C:\Users\user\.m2\repository\org\seleniumhq\selenium\selenium-chromium-driver\4.30.0\selenium-chromium-driver-4.30.0.jar;C:\Users\user\.m2\repository\org\seleniumhq\selenium\selenium-json\4.30.0\selenium-json-4.30.0.jar;C:\Users\user\.m2\repository\org\seleniumhq\selenium\selenium-manager\4.30.0\selenium-manager-4.30.0.jar;C:\Users\user\.m2\repository\org\seleniumhq\selenium\selenium-devtools-v132\4.30.0\selenium-devtools-v132-4.30.0.jar;C:\Users\user\.m2\repository\org\seleniumhq\selenium\selenium-devtools-v133\4.30.0\selenium-devtools-v133-4.30.0.jar;C:\Users\user\.m2\repository\org\seleniumhq\selenium\selenium-devtools-v134\4.30.0\selenium-devtools-v134-4.30.0.jar;C:\Users\user\.m2\repository\org\seleniumhq\selenium\selenium-edge-driver\4.30.0\selenium-edge-driver-4.30.0.jar;C:\Users\user\.m2\repository\org\seleniumhq\selenium\selenium-firefox-driver\4.30.0\selenium-firefox-driver-4.30.0.jar;C:\Users\user\.m2\repository\org\seleniumhq\selenium\selenium-http\4.30.0\selenium-http-4.30.0.jar;C:\Users\user\.m2\repository\org\seleniumhq\selenium\selenium-ie-driver\4.30.0\selenium-ie-driver-4.30.0.jar;C:\Users\user\.m2\repository\org\seleniumhq\selenium\selenium-remote-driver\4.30.0\selenium-remote-driver-4.30.0.jar;C:\Users\user\.m2\repository\com\google\guava\guava\33.4.5-jre\guava-33.4.5-jre.jar;C:\Users\user\.m2\repository\com\google\guava\failureaccess\1.0.3\failureaccess-1.0.3.jar;C:\Users\user\.m2\repository\com\google\guava\listenablefuture\9999.0-empty-to-avoid-conflict-with-guava\listenablefuture-9999.0-empty-to-avoid-conflict-with-guava.jar;C:\Users\user\.m2\repository\com\google\errorprone\error_prone_annotations\2.36.0\error_prone_annotations-2.36.0.jar;C:\Users\user\.m2\repository\com\google\j2objc\j2objc-annotations\3.0.0\j2objc-annotations-3.0.0.jar;C:\Users\user\.m2\repository\io\opentelemetry\opentelemetry-api\1.48.0\opentelemetry-api-1.48.0.jar;C:\Users\user\.m2\repository\io\opentelemetry\opentelemetry-context\1.48.0\opentelemetry-context-1.48.0.jar;C:\Users\user\.m2\repository\io\opentelemetry\opentelemetry-exporter-logging\1.48.0\opentelemetry-exporter-logging-1.48.0.jar;C:\Users\user\.m2\repository\io\opentelemetry\opentelemetry-sdk-common\1.48.0\opentelemetry-sdk-common-1.48.0.jar;C:\Users\user\.m2\repository\io\opentelemetry\opentelemetry-sdk-extension-autoconfigure-spi\1.48.0\opentelemetry-sdk-extension-autoconfigure-spi-1.48.0.jar;C:\Users\user\.m2\repository\io\opentelemetry\opentelemetry-sdk-extension-autoconfigure\1.48.0\opentelemetry-sdk-extension-autoconfigure-1.48.0.jar;C:\Users\user\.m2\repository\io\opentelemetry\opentelemetry-sdk-trace\1.48.0\opentelemetry-sdk-trace-1.48.0.jar;C:\Users\user\.m2\repository\io\opentelemetry\opentelemetry-sdk\1.48.0\opentelemetry-sdk-1.48.0.jar;C:\Users\user\.m2\repository\io\opentelemetry\opentelemetry-sdk-metrics\1.48.0\opentelemetry-sdk-metrics-1.48.0.jar;C:\Users\user\.m2\repository\io\opentelemetry\opentelemetry-sdk-logs\1.48.0\opentelemetry-sdk-logs-1.48.0.jar;C:\Users\user\.m2\repository\net\bytebuddy\byte-buddy\1.17.2\byte-buddy-1.17.2.jar;C:\Users\user\.m2\repository\org\seleniumhq\selenium\selenium-os\4.30.0\selenium-os-4.30.0.jar;C:\Users\user\.m2\repository\org\apache\commons\commons-exec\1.4.0\commons-exec-1.4.0.jar;C:\Users\user\.m2\repository\org\seleniumhq\selenium\selenium-safari-driver\4.30.0\selenium-safari-driver-4.30.0.jar;C:\Users\user\.m2\repository\org\seleniumhq\selenium\selenium-support\4.30.0\selenium-support-4.30.0.jar;C:\Users\user\.m2\repository\org\testng\testng\7.11.0\testng-7.11.0.jar;C:\Users\user\.m2\repository\org\slf4j\slf4j-api\2.0.16\slf4j-api-2.0.16.jar;C:\Users\user\.m2\repository\org\jcommander\jcommander\1.83\jcommander-1.83.jar;C:\Users\user\.m2\repository\org\webjars\jquery\3.7.1\jquery-3.7.1.jar;C:\Users\user\.m2\repository\org\apache\poi\poi\5.4.0\poi-5.4.0.jar;C:\Users\user\.m2\repository\commons-codec\commons-codec\1.17.1\commons-codec-1.17.1.jar;C:\Users\user\.m2\repository\org\apache\commons\commons-collections4\4.4\commons-collections4-4.4.jar;C:\Users\user\.m2\repository\org\apache\commons\commons-math3\3.6.1\commons-math3-3.6.1.jar;C:\Users\user\.m2\repository\commons-io\commons-io\2.18.0\commons-io-2.18.0.jar;C:\Users\user\.m2\repository\com\zaxxer\SparseBitSet\1.3\SparseBitSet-1.3.jar;C:\Users\user\.m2\repository\org\apache\poi\poi-ooxml\5.4.0\poi-ooxml-5.4.0.jar;C:\Users\user\.m2\repository\org\apache\poi\poi-ooxml-lite\5.4.0\poi-ooxml-lite-5.4.0.jar;C:\Users\user\.m2\repository\org\apache\xmlbeans\xmlbeans\5.3.0\xmlbeans-5.3.0.jar;C:\Users\user\.m2\repository\org\apache\commons\commons-compress\1.27.1\commons-compress-1.27.1.jar;C:\Users\user\.m2\repository\org\apache\commons\commons-lang3\3.16.0\commons-lang3-3.16.0.jar;C:\Users\user\.m2\repository\com\github\virtuald\curvesapi\1.08\curvesapi-1.08.jar;C:\Users\user\.m2\repository\commons-logging\commons-logging\1.3.5\commons-logging-1.3.5.jar;C:\Users\user\.m2\repository\org\apache\logging\log4j\log4j-slf4j2-impl\3.0.0-beta2\log4j-slf4j2-impl-3.0.0-beta2.jar;C:\Users\user\.m2\repository\org\apache\logging\log4j\log4j-core\3.0.0-beta2\log4j-core-3.0.0-beta2.jar;C:\Users\user\.m2\repository\org\apache\logging\log4j\log4j-plugins\3.0.0-beta2\log4j-plugins-3.0.0-beta2.jar;C:\Users\user\.m2\repository\org\apache\logging\log4j\log4j-api\3.0.0-beta2\log4j-api-3.0.0-beta2.jar;C:\Users\user\.m2\repository\io\qameta\allure\allure-testng\2.29.1\allure-testng-2.29.1.jar;C:\Users\user\.m2\repository\io\qameta\allure\allure-test-filter\2.29.1\allure-test-filter-2.29.1.jar;C:\Users\user\.m2\repository\io\qameta\allure\allure-java-commons\2.29.1\allure-java-commons-2.29.1.jar;C:\Users\user\.m2\repository\io\qameta\allure\allure-model\2.29.1\allure-model-2.29.1.jar;"/>
    <property name="java.vm.vendor" value="Eclipse Adoptium"/>
    <property name="sun.arch.data.model" value="64"/>
    <property name="user.variant" value=""/>
    <property name="java.vendor.url" value="https://adoptium.net/"/>
    <property name="user.timezone" value="Asia/Calcutta"/>
    <property name="os.name" value="Windows 10"/>
    <property name="java.vm.specification.version" value="17"/>
    <property name="sun.java.launcher" value="SUN_STANDARD"/>
    <property name="user.country" value="IN"/>
    <property name="sun.boot.library.path" value="C:\Users\user\.p2\pool\plugins\org.eclipse.justj.openjdk.hotspot.jre.full.win32.x86_64_17.0.10.v20240120-1143\jre\bin"/>
    <property name="sun.java.command" value="C:\Users\user\AppData\Local\Temp\surefire7410937838326545811\surefirebooter6863066951854369693.jar C:\Users\user\AppData\Local\Temp\surefire7410937838326545811 2025-04-04T01-04-59_280-jvmRun1 surefire10199880963368925966tmp surefire_016786331443214827034tmp"/>
    <property name="jdk.debug" value="release"/>
    <property name="surefire.test.class.path" value="C:\Users\user\eclipse-workspace\OpenCartTestProject\target\test-classes;C:\Users\user\eclipse-workspace\OpenCartTestProject\target\classes;C:\Users\user\.m2\repository\org\seleniumhq\selenium\selenium-java\4.30.0\selenium-java-4.30.0.jar;C:\Users\user\.m2\repository\org\seleniumhq\selenium\selenium-api\4.30.0\selenium-api-4.30.0.jar;C:\Users\user\.m2\repository\org\jspecify\jspecify\1.0.0\jspecify-1.0.0.jar;C:\Users\user\.m2\repository\org\seleniumhq\selenium\selenium-chrome-driver\4.30.0\selenium-chrome-driver-4.30.0.jar;C:\Users\user\.m2\repository\com\google\auto\service\auto-service-annotations\1.1.1\auto-service-annotations-1.1.1.jar;C:\Users\user\.m2\repository\org\seleniumhq\selenium\selenium-chromium-driver\4.30.0\selenium-chromium-driver-4.30.0.jar;C:\Users\user\.m2\repository\org\seleniumhq\selenium\selenium-json\4.30.0\selenium-json-4.30.0.jar;C:\Users\user\.m2\repository\org\seleniumhq\selenium\selenium-manager\4.30.0\selenium-manager-4.30.0.jar;C:\Users\user\.m2\repository\org\seleniumhq\selenium\selenium-devtools-v132\4.30.0\selenium-devtools-v132-4.30.0.jar;C:\Users\user\.m2\repository\org\seleniumhq\selenium\selenium-devtools-v133\4.30.0\selenium-devtools-v133-4.30.0.jar;C:\Users\user\.m2\repository\org\seleniumhq\selenium\selenium-devtools-v134\4.30.0\selenium-devtools-v134-4.30.0.jar;C:\Users\user\.m2\repository\org\seleniumhq\selenium\selenium-edge-driver\4.30.0\selenium-edge-driver-4.30.0.jar;C:\Users\user\.m2\repository\org\seleniumhq\selenium\selenium-firefox-driver\4.30.0\selenium-firefox-driver-4.30.0.jar;C:\Users\user\.m2\repository\org\seleniumhq\selenium\selenium-http\4.30.0\selenium-http-4.30.0.jar;C:\Users\user\.m2\repository\org\seleniumhq\selenium\selenium-ie-driver\4.30.0\selenium-ie-driver-4.30.0.jar;C:\Users\user\.m2\repository\org\seleniumhq\selenium\selenium-remote-driver\4.30.0\selenium-remote-driver-4.30.0.jar;C:\Users\user\.m2\repository\com\google\guava\guava\33.4.5-jre\guava-33.4.5-jre.jar;C:\Users\user\.m2\repository\com\google\guava\failureaccess\1.0.3\failureaccess-1.0.3.jar;C:\Users\user\.m2\repository\com\google\guava\listenablefuture\9999.0-empty-to-avoid-conflict-with-guava\listenablefuture-9999.0-empty-to-avoid-conflict-with-guava.jar;C:\Users\user\.m2\repository\com\google\errorprone\error_prone_annotations\2.36.0\error_prone_annotations-2.36.0.jar;C:\Users\user\.m2\repository\com\google\j2objc\j2objc-annotations\3.0.0\j2objc-annotations-3.0.0.jar;C:\Users\user\.m2\repository\io\opentelemetry\opentelemetry-api\1.48.0\opentelemetry-api-1.48.0.jar;C:\Users\user\.m2\repository\io\opentelemetry\opentelemetry-context\1.48.0\opentelemetry-context-1.48.0.jar;C:\Users\user\.m2\repository\io\opentelemetry\opentelemetry-exporter-logging\1.48.0\opentelemetry-exporter-logging-1.48.0.jar;C:\Users\user\.m2\repository\io\opentelemetry\opentelemetry-sdk-common\1.48.0\opentelemetry-sdk-common-1.48.0.jar;C:\Users\user\.m2\repository\io\opentelemetry\opentelemetry-sdk-extension-autoconfigure-spi\1.48.0\opentelemetry-sdk-extension-autoconfigure-spi-1.48.0.jar;C:\Users\user\.m2\repository\io\opentelemetry\opentelemetry-sdk-extension-autoconfigure\1.48.0\opentelemetry-sdk-extension-autoconfigure-1.48.0.jar;C:\Users\user\.m2\repository\io\opentelemetry\opentelemetry-sdk-trace\1.48.0\opentelemetry-sdk-trace-1.48.0.jar;C:\Users\user\.m2\repository\io\opentelemetry\opentelemetry-sdk\1.48.0\opentelemetry-sdk-1.48.0.jar;C:\Users\user\.m2\repository\io\opentelemetry\opentelemetry-sdk-metrics\1.48.0\opentelemetry-sdk-metrics-1.48.0.jar;C:\Users\user\.m2\repository\io\opentelemetry\opentelemetry-sdk-logs\1.48.0\opentelemetry-sdk-logs-1.48.0.jar;C:\Users\user\.m2\repository\net\bytebuddy\byte-buddy\1.17.2\byte-buddy-1.17.2.jar;C:\Users\user\.m2\repository\org\seleniumhq\selenium\selenium-os\4.30.0\selenium-os-4.30.0.jar;C:\Users\user\.m2\repository\org\apache\commons\commons-exec\1.4.0\commons-exec-1.4.0.jar;C:\Users\user\.m2\repository\org\seleniumhq\selenium\selenium-safari-driver\4.30.0\selenium-safari-driver-4.30.0.jar;C:\Users\user\.m2\repository\org\seleniumhq\selenium\selenium-support\4.30.0\selenium-support-4.30.0.jar;C:\Users\user\.m2\repository\org\testng\testng\7.11.0\testng-7.11.0.jar;C:\Users\user\.m2\repository\org\slf4j\slf4j-api\2.0.16\slf4j-api-2.0.16.jar;C:\Users\user\.m2\repository\org\jcommander\jcommander\1.83\jcommander-1.83.jar;C:\Users\user\.m2\repository\org\webjars\jquery\3.7.1\jquery-3.7.1.jar;C:\Users\user\.m2\repository\org\apache\poi\poi\5.4.0\poi-5.4.0.jar;C:\Users\user\.m2\repository\commons-codec\commons-codec\1.17.1\commons-codec-1.17.1.jar;C:\Users\user\.m2\repository\org\apache\commons\commons-collections4\4.4\commons-collections4-4.4.jar;C:\Users\user\.m2\repository\org\apache\commons\commons-math3\3.6.1\commons-math3-3.6.1.jar;C:\Users\user\.m2\repository\commons-io\commons-io\2.18.0\commons-io-2.18.0.jar;C:\Users\user\.m2\repository\com\zaxxer\SparseBitSet\1.3\SparseBitSet-1.3.jar;C:\Users\user\.m2\repository\org\apache\poi\poi-ooxml\5.4.0\poi-ooxml-5.4.0.jar;C:\Users\user\.m2\repository\org\apache\poi\poi-ooxml-lite\5.4.0\poi-ooxml-lite-5.4.0.jar;C:\Users\user\.m2\repository\org\apache\xmlbeans\xmlbeans\5.3.0\xmlbeans-5.3.0.jar;C:\Users\user\.m2\repository\org\apache\commons\commons-compress\1.27.1\commons-compress-1.27.1.jar;C:\Users\user\.m2\repository\org\apache\commons\commons-lang3\3.16.0\commons-lang3-3.16.0.jar;C:\Users\user\.m2\repository\com\github\virtuald\curvesapi\1.08\curvesapi-1.08.jar;C:\Users\user\.m2\repository\commons-logging\commons-logging\1.3.5\commons-logging-1.3.5.jar;C:\Users\user\.m2\repository\org\apache\logging\log4j\log4j-slf4j2-impl\3.0.0-beta2\log4j-slf4j2-impl-3.0.0-beta2.jar;C:\Users\user\.m2\repository\org\apache\logging\log4j\log4j-core\3.0.0-beta2\log4j-core-3.0.0-beta2.jar;C:\Users\user\.m2\repository\org\apache\logging\log4j\log4j-plugins\3.0.0-beta2\log4j-plugins-3.0.0-beta2.jar;C:\Users\user\.m2\repository\org\apache\logging\log4j\log4j-api\3.0.0-beta2\log4j-api-3.0.0-beta2.jar;C:\Users\user\.m2\repository\io\qameta\allure\allure-testng\2.29.1\allure-testng-2.29.1.jar;C:\Users\user\.m2\repository\io\qameta\allure\allure-test-filter\2.29.1\allure-test-filter-2.29.1.jar;C:\Users\user\.m2\repository\io\qameta\allure\allure-java-commons\2.29.1\allure-java-commons-2.29.1.jar;C:\Users\user\.m2\repository\io\qameta\allure\allure-model\2.29.1\allure-model-2.29.1.jar;"/>
    <property name="allure.results.directory" value="target/allure-results"/>
    <property name="sun.cpu.endian" value="little"/>
    <property name="user.home" value="C:\Users\user"/>
    <property name="user.language" value="en"/>
    <property name="java.specification.vendor" value="Oracle Corporation"/>
    <property name="java.version.date" value="2024-01-16"/>
    <property name="java.home" value="C:\Users\user\.p2\pool\plugins\org.eclipse.justj.openjdk.hotspot.jre.full.win32.x86_64_17.0.10.v20240120-1143\jre"/>
    <property name="file.separator" value="\"/>
    <property name="style.color" value="always"/>
    <property name="basedir" value="C:\Users\user\eclipse-workspace\OpenCartTestProject"/>
    <property name="java.vm.compressedOopsMode" value="Zero based"/>
    <property name="line.separator" value="&#10;"/>
    <property name="java.vm.specification.vendor" value="Oracle Corporation"/>
    <property name="java.specification.name" value="Java Platform API Specification"/>
    <property name="surefire.real.class.path" value="C:\Users\user\AppData\Local\Temp\surefire7410937838326545811\surefirebooter6863066951854369693.jar"/>
    <property name="user.script" value=""/>
    <property name="sun.management.compiler" value="HotSpot 64-Bit Tiered Compilers"/>
    <property name="java.runtime.version" value="17.0.10+7"/>
    <property name="user.name" value="Sandra"/>
    <property name="path.separator" value=";"/>
    <property name="os.version" value="10.0"/>
    <property name="java.runtime.name" value="OpenJDK Runtime Environment"/>
    <property name="file.encoding" value="Cp1252"/>
    <property name="java.vm.name" value="OpenJDK 64-Bit Server VM"/>
    <property name="java.vendor.version" value="Temurin-17.0.10+7"/>
    <property name="localRepository" value="C:\Users\user\.m2\repository"/>
    <property name="java.vendor.url.bug" value="https://github.com/adoptium/adoptium-support/issues"/>
    <property name="java.io.tmpdir" value="C:\Users\user\AppData\Local\Temp\"/>
    <property name="java.version" value="17.0.10"/>
    <property name="user.dir" value="C:\Users\user\eclipse-workspace\OpenCartTestProject"/>
    <property name="os.arch" value="amd64"/>
    <property name="java.vm.specification.name" value="Java Virtual Machine Specification"/>
    <property name="sun.os.patch.level" value=""/>
    <property name="native.encoding" value="Cp1252"/>
    <property name="java.library.path" value="C:\Users\user\.p2\pool\plugins\org.eclipse.justj.openjdk.hotspot.jre.full.win32.x86_64_17.0.10.v20240120-1143\jre\bin;C:\WINDOWS\Sun\Java\bin;C:\WINDOWS\system32;C:\WINDOWS;C:/Users/user/.p2/pool/plugins/org.eclipse.justj.openjdk.hotspot.jre.full.win32.x86_64_17.0.10.v20240120-1143/jre/bin/server;C:/Users/user/.p2/pool/plugins/org.eclipse.justj.openjdk.hotspot.jre.full.win32.x86_64_17.0.10.v20240120-1143/jre/bin;C:\Program Files\Common Files\Oracle\Java\javapath;C:\WINDOWS\system32;C:\WINDOWS;C:\WINDOWS\System32\Wbem;C:\WINDOWS\System32\WindowsPowerShell\v1.0\;C:\WINDOWS\System32\OpenSSH\;C:\Android;C:\Windows\System32;C:\Program Files\Java\jdk-16.0.2\bin;C:\Users\user\OneDrive\Documents\allure-2.33.0\bin;C:\Users\user\AppData\Local\Microsoft\WindowsApps;C:\Program Files\JetBrains\IntelliJ IDEA Community Edition 2021.2.1\bin;;C:\Users\user\OneDrive\Documents\allure-2.33.0\bin;;C:\Users\user\eclipse\java-2023-12\eclipse;;."/>
    <property name="java.vm.info" value="mixed mode"/>
    <property name="java.vendor" value="Eclipse Adoptium"/>
    <property name="java.vm.version" value="17.0.10+7"/>
    <property name="sun.io.unicode.encoding" value="UnicodeLittle"/>
    <property name="java.class.version" value="61.0"/>
  </properties>
  <testcase name="registerUser" classname="TestCases.RegisterUser" time="9.38">
    <system-out><![CDATA[&amp#27;[34m2025-04-04 01:05:03,257&amp#27;[m &amp#27;[32m[main] INFO &amp#27;[m &amp#27;[36mConfigReader&amp#27;[m - &amp#27;[32mBrowser = chrome
&amp#27;[m&amp#27;[34m2025-04-04 01:05:03,361&amp#27;[m &amp#27;[32m[main] INFO &amp#27;[m &amp#27;[36mConfigReader&amp#27;[m - &amp#27;[32mBrowser = chrome
&amp#27;[m&amp#27;[34m2025-04-04 01:05:03,370&amp#27;[m &amp#27;[32m[main] INFO &amp#27;[m &amp#27;[36mConfigReader&amp#27;[m - &amp#27;[32mBrowser = chrome
&amp#27;[m&amp#27;[34m2025-04-04 01:05:06,555&amp#27;[m &amp#27;[32m[main] INFO &amp#27;[m &amp#27;[36mBaseClass&amp#27;[m - &amp#27;[32mChrome browser is Initialized
&amp#27;[m&amp#27;[34m2025-04-04 01:05:06,696&amp#27;[m &amp#27;[32m[main] INFO &amp#27;[m &amp#27;[36mConfigReader&amp#27;[m - &amp#27;[32mURL = https://naveenautomationlabs.com/opencart/
&amp#27;[m&amp#27;[34m2025-04-04 01:05:10,930&amp#27;[m &amp#27;[32m[main] INFO &amp#27;[m &amp#27;[36mRegisterUser&amp#27;[m - &amp#27;[32mUser navigates to My Account
&amp#27;[m&amp#27;[34m2025-04-04 01:05:11,854&amp#27;[m &amp#27;[32m[main] INFO &amp#27;[m &amp#27;[36mRegisterUser&amp#27;[m - &amp#27;[32mUser clicks on Register Button
&amp#27;[m&amp#27;[34m2025-04-04 01:05:13,171&amp#27;[m &amp#27;[32m[main] INFO &amp#27;[m &amp#27;[36mRegisterUser&amp#27;[m - &amp#27;[32mUser enters First Name as : Test
&amp#27;[m&amp#27;[34m2025-04-04 01:05:13,498&amp#27;[m &amp#27;[32m[main] INFO &amp#27;[m &amp#27;[36mRegisterUser&amp#27;[m - &amp#27;[32mUser enters Last Name as : User
&amp#27;[m&amp#27;[34m2025-04-04 01:05:13,780&amp#27;[m &amp#27;[32m[main] INFO &amp#27;[m &amp#27;[36mRegisterUser&amp#27;[m - &amp#27;[32mUser enters Email address as : userTRiXK@example.com
&amp#27;[m&amp#27;[34m2025-04-04 01:05:14,460&amp#27;[m &amp#27;[32m[main] INFO &amp#27;[m &amp#27;[36mRegisterUser&amp#27;[m - &amp#27;[32mUser enters Telephone as : 9876543210
&amp#27;[m&amp#27;[34m2025-04-04 01:05:14,652&amp#27;[m &amp#27;[32m[main] INFO &amp#27;[m &amp#27;[36mRegisterUser&amp#27;[m - &amp#27;[32mUser enters Password
&amp#27;[m&amp#27;[34m2025-04-04 01:05:14,797&amp#27;[m &amp#27;[32m[main] INFO &amp#27;[m &amp#27;[36mRegisterUser&amp#27;[m - &amp#27;[32mUser enters Password again
&amp#27;[m&amp#27;[34m2025-04-04 01:05:14,945&amp#27;[m &amp#27;[32m[main] INFO &amp#27;[m &amp#27;[36mRegisterUser&amp#27;[m - &amp#27;[32mUser clicks on Agree check Box
&amp#27;[m&amp#27;[34m2025-04-04 01:05:15,793&amp#27;[m &amp#27;[32m[main] INFO &amp#27;[m &amp#27;[36mRegisterUser&amp#27;[m - &amp#27;[32mUser clicks on Continue Button
&amp#27;[m]]></system-out>
  </testcase>
  <testcase name="loginUser" classname="TestCases.LoginUser" time="7.778">
    <system-out><![CDATA[&amp#27;[34m2025-04-04 01:05:18,217&amp#27;[m &amp#27;[32m[main] INFO &amp#27;[m &amp#27;[36mBaseClass&amp#27;[m - &amp#27;[32mChrome browser is Initialized
&amp#27;[m&amp#27;[34m2025-04-04 01:05:18,230&amp#27;[m &amp#27;[32m[main] INFO &amp#27;[m &amp#27;[36mConfigReader&amp#27;[m - &amp#27;[32mURL = https://naveenautomationlabs.com/opencart/
&amp#27;[m&amp#27;[34m2025-04-04 01:05:23,809&amp#27;[m &amp#27;[32m[main] INFO &amp#27;[m &amp#27;[36mLoginUser&amp#27;[m - &amp#27;[32mUser navigates to My Account
&amp#27;[m&amp#27;[34m2025-04-04 01:05:24,564&amp#27;[m &amp#27;[32m[main] INFO &amp#27;[m &amp#27;[36mLoginUser&amp#27;[m - &amp#27;[32mUser clicks on Login Menu
&amp#27;[m&amp#27;[34m2025-04-04 01:05:24,922&amp#27;[m &amp#27;[32m[main] INFO &amp#27;[m &amp#27;[36mLoginUser&amp#27;[m - &amp#27;[32mUser enters Email address as : userTRiXK@example.com
&amp#27;[m&amp#27;[34m2025-04-04 01:05:25,158&amp#27;[m &amp#27;[32m[main] INFO &amp#27;[m &amp#27;[36mLoginUser&amp#27;[m - &amp#27;[32mUser enters Password
&amp#27;[m&amp#27;[34m2025-04-04 01:05:25,335&amp#27;[m &amp#27;[32m[main] INFO &amp#27;[m &amp#27;[36mLoginUser&amp#27;[m - &amp#27;[32mUser clicks on Login Button
&amp#27;[m&amp#27;[34m2025-04-04 01:05:25,989&amp#27;[m &amp#27;[32m[main] INFO &amp#27;[m &amp#27;[36mLoginUser&amp#27;[m - &amp#27;[32mUser is Logged in!!!
&amp#27;[m]]></system-out>
  </testcase>
  <testcase name="addMacBookToCart" classname="TestCases.AddToCart" time="13.894">
    <system-out><![CDATA[&amp#27;[34m2025-04-04 01:05:28,246&amp#27;[m &amp#27;[32m[main] INFO &amp#27;[m &amp#27;[36mBaseClass&amp#27;[m - &amp#27;[32mChrome browser is Initialized
&amp#27;[m&amp#27;[34m2025-04-04 01:05:28,260&amp#27;[m &amp#27;[32m[main] INFO &amp#27;[m &amp#27;[36mConfigReader&amp#27;[m - &amp#27;[32mURL = https://naveenautomationlabs.com/opencart/
&amp#27;[m&amp#27;[34m2025-04-04 01:05:34,214&amp#27;[m &amp#27;[32m[main] INFO &amp#27;[m &amp#27;[36mConfigReader&amp#27;[m - &amp#27;[32mBrowser = chrome
&amp#27;[m&amp#27;[34m2025-04-04 01:05:34,215&amp#27;[m &amp#27;[32m[main] INFO &amp#27;[m &amp#27;[36mConfigReader&amp#27;[m - &amp#27;[32mURL = https://naveenautomationlabs.com/opencart/
&amp#27;[m&amp#27;[34m2025-04-04 01:05:34,765&amp#27;[m &amp#27;[32m[main] INFO &amp#27;[m &amp#27;[36mLoginUser&amp#27;[m - &amp#27;[32mUser navigates to My Account
&amp#27;[m&amp#27;[34m2025-04-04 01:05:35,469&amp#27;[m &amp#27;[32m[main] INFO &amp#27;[m &amp#27;[36mLoginUser&amp#27;[m - &amp#27;[32mUser clicks on Login Menu
&amp#27;[m&amp#27;[34m2025-04-04 01:05:36,068&amp#27;[m &amp#27;[32m[main] INFO &amp#27;[m &amp#27;[36mLoginUser&amp#27;[m - &amp#27;[32mUser enters Email address as : userTRiXK@example.com
&amp#27;[m&amp#27;[34m2025-04-04 01:05:36,365&amp#27;[m &amp#27;[32m[main] INFO &amp#27;[m &amp#27;[36mLoginUser&amp#27;[m - &amp#27;[32mUser enters Password
&amp#27;[m&amp#27;[34m2025-04-04 01:05:37,434&amp#27;[m &amp#27;[32m[main] INFO &amp#27;[m &amp#27;[36mLoginUser&amp#27;[m - &amp#27;[32mUser clicks on Login Button
&amp#27;[m&amp#27;[34m2025-04-04 01:05:37,487&amp#27;[m &amp#27;[32m[main] INFO &amp#27;[m &amp#27;[36mLoginUser&amp#27;[m - &amp#27;[32mUser is Logged in!!!
&amp#27;[m&amp#27;[34m2025-04-04 01:05:37,758&amp#27;[m &amp#27;[32m[main] INFO &amp#27;[m &amp#27;[36mAddToCart&amp#27;[m - &amp#27;[32mUser enter the item to search
&amp#27;[m&amp#27;[34m2025-04-04 01:05:37,760&amp#27;[m &amp#27;[32m[main] INFO &amp#27;[m &amp#27;[36mAddToCart&amp#27;[m - &amp#27;[32mUser searched for : Macbook
&amp#27;[m&amp#27;[34m2025-04-04 01:05:38,854&amp#27;[m &amp#27;[32m[main] INFO &amp#27;[m &amp#27;[36mAddToCart&amp#27;[m - &amp#27;[32mUser clicks on search button
&amp#27;[m&amp#27;[34m2025-04-04 01:05:40,183&amp#27;[m &amp#27;[32m[main] INFO &amp#27;[m &amp#27;[36mAddToCart&amp#27;[m - &amp#27;[32mUser selects Macbook from search results
&amp#27;[m&amp#27;[34m2025-04-04 01:05:40,550&amp#27;[m &amp#27;[32m[main] INFO &amp#27;[m &amp#27;[36mAddToCart&amp#27;[m - &amp#27;[32mUser Adds Macbook to cart
&amp#27;[m&amp#27;[34m2025-04-04 01:05:41,402&amp#27;[m &amp#27;[32m[main] INFO &amp#27;[m &amp#27;[36mAddToCart&amp#27;[m - &amp#27;[32mUser goes to cart
&amp#27;[m]]></system-out>
  </testcase>
</testsuite>