<?xml version="1.0" encoding="UTF-8"?>
<!-- Generated by org.testng.reporters.JUnitReportReporter -->
<testsuite hostname="SANDRA" failures="0" tests="1" name="TestCases.LoginUser" time="7.770" errors="0" timestamp="2025-04-04T01:05:42 IST" skipped="0">
  <testcase classname="TestCases.LoginUser" name="loginUser" time="7.770"/>
</testsuite> <!-- TestCases.LoginUser -->
