<?xml version="1.0" encoding="UTF-8"?>
<!-- Generated by org.testng.reporters.JUnitReportReporter -->
<testsuite hostname="SANDRA" failures="0" tests="1" name="TestCases.RegisterUser" time="9.284" errors="0" timestamp="2025-04-04T01:05:42 IST" skipped="0">
  <testcase classname="TestCases.RegisterUser" name="registerUser" time="9.284"/>
</testsuite> <!-- TestCases.RegisterUser -->
